<?xml version="1.0" encoding="UTF-8"?>
<!-- Generated by org.testng.reporters.JUnitReportReporter -->
<testsuite skipped="0" hostname="DESKTOP-890VNEQ" name="abc.Validate" tests="1" failures="0" timestamp="24 Nov 2020 14:33:48 GMT" time="0.004" errors="0">
  <testcase name="f" time="0.004" classname="abc.Validate"/>
</testsuite> <!-- abc.Validate -->
